<?xml version="1.0" encoding="UTF-8"?>
<!-- Generated by org.testng.reporters.JUnitReportReporter -->
<testsuite hostname="DESKTOP-E4OEKQL" failures="0" tests="1" name="com.demo.DemoMain" time="2.806" errors="0" timestamp="2025-08-11T10:49:59 SGT" skipped="0">
  <testcase classname="com.demo.DemoMain" name="mainTest" time="2.806"/>
  <system-out/>
</testsuite> <!-- com.demo.DemoMain -->
